build/app/intermediates/manifest_merge_blame_file/debug/manifest-merger-blame-debug-report.txt
1<?xml version="1.0" encoding="utf-8"?>
2<manifest xmlns:android="http://schemas.android.com/apk/res/android"
3    package="com.vdotok.flutterchat"
4    android:versionCode="2"
5    android:versionName="3.0" >
6
7    <uses-sdk
8        android:minSdkVersion="16"
9        android:targetSdkVersion="30" />
10    <!--
11         Flutter needs it to communicate with the running application
12         to allow setting breakpoints, to provide hot reload, etc.
13    -->
14    <uses-permission android:name="android.permission.INTERNET" />
14-->src\main\AndroidManifest.xml:4:5-67
14-->src\main\AndroidManifest.xml:4:22-64
15    <uses-permission android:name="android.permission.CAMERA" />
15-->src\main\AndroidManifest.xml:5:5-65
15-->src\main\AndroidManifest.xml:5:22-62
16    <uses-permission android:name="android.permission.WRITE_EXTERNAL_STORAGE" />
16-->src\main\AndroidManifest.xml:6:5-80
16-->src\main\AndroidManifest.xml:6:22-78
17    <uses-permission android:name="android.permission.RECORD_AUDIO" />
17-->src\main\AndroidManifest.xml:7:5-70
17-->src\main\AndroidManifest.xml:7:22-68
18    <uses-permission android:name="android.permission.READ_EXTERNAL_STORAGE" />
18-->[:file_picker] AndroidManifest.xml:7:5-80
18-->[:file_picker] AndroidManifest.xml:7:22-77
19
20    <queries>
20-->[:file_picker] AndroidManifest.xml:9:5-15:15
21        <intent>
21-->[:file_picker] AndroidManifest.xml:10:9-14:18
22            <action android:name="android.intent.action.GET_CONTENT" />
22-->[:file_picker] AndroidManifest.xml:11:13-72
22-->[:file_picker] AndroidManifest.xml:11:21-69
23
24            <data android:mimeType="*/*" />
24-->[:file_picker] AndroidManifest.xml:13:13-44
24-->[:file_picker] AndroidManifest.xml:13:19-41
25        </intent>
26    </queries>
27
28    <uses-permission android:name="android.permission.ACCESS_NETWORK_STATE" />
28-->[:connectivity_plus] AndroidManifest.xml:7:5-79
28-->[:connectivity_plus] AndroidManifest.xml:7:22-76
29    <uses-permission android:name="android.permission.REQUEST_INSTALL_PACKAGES" />
29-->[:open_file] AndroidManifest.xml:8:5-83
29-->[:open_file] AndroidManifest.xml:8:22-80
30
31    <application
31-->src\main\AndroidManifest.xml:8:4-60:19
32        android:name="androidx.multidex.MultiDexApplication"
33        android:appComponentFactory="androidx.core.app.CoreComponentFactory"
33-->[androidx.core:core:1.8.0] AndroidManifest.xml:24:18-86
34        android:debuggable="true"
35        android:icon="@mipmap/ic_launcher"
35-->src\main\AndroidManifest.xml:10:9-43
36        android:label="flt_chat"
36-->src\main\AndroidManifest.xml:9:9-33
37        android:requestLegacyExternalStorage="true" >
37-->src\main\AndroidManifest.xml:11:9-52
38        <activity
38-->src\main\AndroidManifest.xml:13:9-41:20
39            android:name="com.vdotok.flutterchat.MainActivity"
39-->src\main\AndroidManifest.xml:14:13-41
40            android:configChanges="orientation|keyboardHidden|keyboard|screenSize|smallestScreenSize|locale|layoutDirection|fontScale|screenLayout|density|uiMode"
40-->src\main\AndroidManifest.xml:17:13-163
41            android:hardwareAccelerated="true"
41-->src\main\AndroidManifest.xml:18:13-47
42            android:launchMode="singleTop"
42-->src\main\AndroidManifest.xml:15:13-43
43            android:theme="@style/LaunchTheme"
43-->src\main\AndroidManifest.xml:16:13-47
44            android:windowSoftInputMode="adjustResize" >
44-->src\main\AndroidManifest.xml:19:13-55
45
46            <!--
47                 Specifies an Android theme to apply to this Activity as soon as
48                 the Android process has started. This theme is visible to the user
49                 while the Flutter UI initializes. After that, this theme continues
50                 to determine the Window background behind the Flutter UI.
51            -->
52            <meta-data
52-->src\main\AndroidManifest.xml:24:13-27:17
53                android:name="io.flutter.embedding.android.NormalTheme"
53-->src\main\AndroidManifest.xml:25:15-70
54                android:resource="@style/NormalTheme" />
54-->src\main\AndroidManifest.xml:26:15-52
55            <!--
56                 Displays an Android View that continues showing the launch screen
57                 Drawable until Flutter paints its first frame, then this splash
58                 screen fades out. A splash screen is useful to avoid any visual
59                 gap between the end of Android's launch screen and the painting of
60                 Flutter's first frame.
61            -->
62            <meta-data
62-->src\main\AndroidManifest.xml:33:13-36:17
63                android:name="io.flutter.embedding.android.SplashScreenDrawable"
63-->src\main\AndroidManifest.xml:34:15-79
64                android:resource="@drawable/launch_background" />
64-->src\main\AndroidManifest.xml:35:15-61
65
66            <intent-filter>
66-->src\main\AndroidManifest.xml:37:13-40:29
67                <action android:name="android.intent.action.MAIN" />
67-->src\main\AndroidManifest.xml:38:17-68
67-->src\main\AndroidManifest.xml:38:25-66
68
69                <category android:name="android.intent.category.LAUNCHER" />
69-->src\main\AndroidManifest.xml:39:17-76
69-->src\main\AndroidManifest.xml:39:27-74
70            </intent-filter>
71        </activity>
72        <!--
73             Don't delete the meta-data below.
74             This is used by the Flutter tool to generate GeneratedPluginRegistrant.java
75        -->
76        <meta-data
76-->src\main\AndroidManifest.xml:44:9-46:33
77            android:name="flutterEmbedding"
77-->src\main\AndroidManifest.xml:45:13-44
78            android:value="2" />
78-->src\main\AndroidManifest.xml:46:13-30
79
80        <!--
81        <provider
82                android:name="androidx.core.content.FileProvider"
83                android:authorities="${applicationId}.fileProvider"
84                android:exported="false"
85                android:grantUriPermissions="true"
86                tools:replace="android:authorities">
87            <meta-data
88                    android:name="android.support.FILE_PROVIDER_PATHS"
89                    android:resource="@style/filepaths"
90                    tools:replace="android:resource" />
91        </provider>
92        -->
93        <provider
93-->[:image_picker_android] AndroidManifest.xml:8:9-16:20
94            android:name="io.flutter.plugins.imagepicker.ImagePickerFileProvider"
94-->[:image_picker_android] AndroidManifest.xml:9:13-82
95            android:authorities="com.vdotok.flutterchat.flutter.image_provider"
95-->[:image_picker_android] AndroidManifest.xml:10:13-74
96            android:exported="false"
96-->[:image_picker_android] AndroidManifest.xml:11:13-37
97            android:grantUriPermissions="true" >
97-->[:image_picker_android] AndroidManifest.xml:12:13-47
98            <meta-data
98-->[:image_picker_android] AndroidManifest.xml:13:13-15:75
99                android:name="android.support.FILE_PROVIDER_PATHS"
99-->[:image_picker_android] AndroidManifest.xml:14:17-67
100                android:resource="@xml/flutter_image_picker_file_paths" />
100-->[:image_picker_android] AndroidManifest.xml:15:17-72
101        </provider>
102        <provider
102-->[:open_file] AndroidManifest.xml:12:9-21:20
103            android:name="com.crazecoder.openfile.FileProvider"
103-->[:open_file] AndroidManifest.xml:13:13-64
104            android:authorities="com.vdotok.flutterchat.fileProvider.com.crazecoder.openfile"
104-->[:open_file] AndroidManifest.xml:14:13-88
105            android:exported="false"
105-->[:open_file] AndroidManifest.xml:15:13-37
106            android:grantUriPermissions="true" >
106-->[:open_file] AndroidManifest.xml:16:13-47
107            <meta-data
107-->[:image_picker_android] AndroidManifest.xml:13:13-15:75
108                android:name="android.support.FILE_PROVIDER_PATHS"
108-->[:image_picker_android] AndroidManifest.xml:14:17-67
109                android:resource="@xml/filepaths" />
109-->[:image_picker_android] AndroidManifest.xml:15:17-72
110        </provider>
111
112        <uses-library
112-->[androidx.window:window:1.0.0-beta04] AndroidManifest.xml:25:9-27:40
113            android:name="androidx.window.extensions"
113-->[androidx.window:window:1.0.0-beta04] AndroidManifest.xml:26:13-54
114            android:required="false" />
114-->[androidx.window:window:1.0.0-beta04] AndroidManifest.xml:27:13-37
115        <uses-library
115-->[androidx.window:window:1.0.0-beta04] AndroidManifest.xml:28:9-30:40
116            android:name="androidx.window.sidecar"
116-->[androidx.window:window:1.0.0-beta04] AndroidManifest.xml:29:13-51
117            android:required="false" />
117-->[androidx.window:window:1.0.0-beta04] AndroidManifest.xml:30:13-37
118    </application>
119
120</manifest>